2022/01/29 15:57:12 [notice] 1#1: using the "epoll" event method
2022/01/29 15:57:12 [notice] 1#1: nginx/1.21.6
2022/01/29 15:57:12 [notice] 1#1: built by gcc 10.2.1 20210110 (Debian 10.2.1-6) 
2022/01/29 15:57:12 [notice] 1#1: OS: Linux 5.15.0-kali2-amd64
2022/01/29 15:57:12 [notice] 1#1: getrlimit(RLIMIT_NOFILE): 1048576:1048576
2022/01/29 15:57:12 [notice] 1#1: start worker processes
2022/01/29 15:57:12 [notice] 1#1: start worker process 23
2022/01/29 15:57:12 [notice] 1#1: start worker process 24
2022/01/29 15:57:12 [notice] 1#1: start worker process 25
2022/01/29 15:57:12 [notice] 1#1: start worker process 26
2022/01/29 15:57:50 [notice] 1#1: signal 3 (SIGQUIT) received, shutting down
2022/01/29 15:57:50 [notice] 23#23: gracefully shutting down
2022/01/29 15:57:50 [notice] 25#25: gracefully shutting down
2022/01/29 15:57:50 [notice] 24#24: gracefully shutting down
2022/01/29 15:57:50 [notice] 25#25: exiting
2022/01/29 15:57:50 [notice] 23#23: exiting
2022/01/29 15:57:50 [notice] 25#25: exit
2022/01/29 15:57:50 [notice] 23#23: exit
2022/01/29 15:57:50 [notice] 26#26: gracefully shutting down
2022/01/29 15:57:50 [notice] 26#26: exiting
2022/01/29 15:57:50 [notice] 26#26: exit
2022/01/29 15:57:50 [notice] 1#1: signal 17 (SIGCHLD) received from 26
2022/01/29 15:57:50 [notice] 1#1: worker process 26 exited with code 0
2022/01/29 15:57:50 [notice] 1#1: signal 29 (SIGIO) received
2022/01/29 15:57:50 [notice] 1#1: signal 17 (SIGCHLD) received from 23
2022/01/29 15:57:50 [notice] 1#1: worker process 23 exited with code 0
2022/01/29 15:57:50 [notice] 1#1: signal 29 (SIGIO) received
2022/01/29 15:57:50 [notice] 1#1: signal 17 (SIGCHLD) received from 25
2022/01/29 15:57:50 [notice] 1#1: worker process 25 exited with code 0
2022/01/29 15:57:50 [notice] 1#1: signal 29 (SIGIO) received
